<?xml version="1.0" encoding="UTF-8"?>
<!-- Generated by org.testng.reporters.JUnitReportReporter -->
<testsuite hostname="DESKTOP-J6NSKTA" failures="0" tests="2" name="qaclick.Mavenjaava.AppiumTest" time="0.001" errors="0" timestamp="2021-06-20T23:24:07 IST" skipped="0">
  <testcase classname="qaclick.Mavenjaava.AppiumTest" name="API" time="0.000"/>
  <system-out/>
  <testcase classname="qaclick.Mavenjaava.AppiumTest" name="ghg" time="0.001"/>
  <system-out/>
</testsuite> <!-- qaclick.Mavenjaava.AppiumTest -->
