<?xml version="1.0" encoding="UTF-8"?>
<!-- Generated by org.testng.reporters.JUnitReportReporter -->
<testsuite hostname="DESKTOP-J6NSKTA" failures="0" tests="2" name="qaclick.Mavenjaava.SeleniumTest" time="0.004" errors="0" timestamp="2021-06-20T23:24:07 IST" skipped="0">
  <testcase classname="qaclick.Mavenjaava.SeleniumTest" name="elementAutomation" time="0.000"/>
  <system-out/>
  <testcase classname="qaclick.Mavenjaava.SeleniumTest" name="BrowserAutomation" time="0.004"/>
  <system-out/>
</testsuite> <!-- qaclick.Mavenjaava.SeleniumTest -->
